# Logfile created on 2014-09-19 15:55:47 -0500 by logger.rb/31641
I, [2014-09-19T15:55:47.853226 #98621]  INFO -- : 0:  rake (10.0.3) from /Users/andyrichardson/.rvm/rubies/ruby-1.9.3-p484/lib/ruby/gems/1.9.1/specifications/rake-10.0.3.gemspec
I, [2014-09-19T15:55:49.064511 #98621]  INFO -- : 0:  backports (3.6.0) from /Users/andyrichardson/.rvm/rubies/ruby-1.9.3-p484/lib/ruby/gems/1.9.1/specifications/backports-3.6.0.gemspec
I, [2014-09-19T15:55:49.065007 #98621]  INFO -- : 0:  chunky_png (1.2.8) from /Users/andyrichardson/.rvm/rubies/ruby-1.9.3-p484/lib/ruby/gems/1.9.1/specifications/chunky_png-1.2.8.gemspec
I, [2014-09-19T15:55:49.065322 #98621]  INFO -- : 0:  fssm (0.2.10) from /Users/andyrichardson/.rvm/rubies/ruby-1.9.3-p484/lib/ruby/gems/1.9.1/specifications/fssm-0.2.10.gemspec
I, [2014-09-19T15:55:50.923723 #98621]  INFO -- : 0:  sass (3.2.9) from /Users/andyrichardson/.rvm/rubies/ruby-1.9.3-p484/lib/ruby/gems/1.9.1/specifications/sass-3.2.9.gemspec
I, [2014-09-19T15:55:50.924225 #98621]  INFO -- : 0:  compass (0.12.2) from /Users/andyrichardson/.rvm/rubies/ruby-1.9.3-p484/lib/ruby/gems/1.9.1/specifications/compass-0.12.2.gemspec
I, [2014-09-19T15:55:51.504241 #98621]  INFO -- : 0:  compass-normalize (1.4.2) from /Users/andyrichardson/.rvm/rubies/ruby-1.9.3-p484/lib/ruby/gems/1.9.1/specifications/compass-normalize-1.4.2.gemspec
I, [2014-09-19T15:55:51.504667 #98621]  INFO -- : 0:  eventmachine (1.0.3) from /Users/andyrichardson/.rvm/rubies/ruby-1.9.3-p484/lib/ruby/gems/1.9.1/specifications/eventmachine-1.0.3.gemspec
I, [2014-09-19T15:55:51.504981 #98621]  INFO -- : 0:  multi_json (1.7.7) from /Users/andyrichardson/.rvm/rubies/ruby-1.9.3-p484/lib/ruby/gems/1.9.1/specifications/multi_json-1.7.7.gemspec
I, [2014-09-19T15:55:51.505281 #98621]  INFO -- : 0:  execjs (1.4.0) from /Users/andyrichardson/.rvm/rubies/ruby-1.9.3-p484/lib/ruby/gems/1.9.1/specifications/execjs-1.4.0.gemspec
I, [2014-09-19T15:55:51.505767 #98621]  INFO -- : 0:  tilt (1.4.1) from /Users/andyrichardson/.rvm/rubies/ruby-1.9.3-p484/lib/ruby/gems/1.9.1/specifications/tilt-1.4.1.gemspec
I, [2014-09-19T15:55:52.779126 #98621]  INFO -- : 0:  haml (4.0.0) from /Users/andyrichardson/.rvm/rubies/ruby-1.9.3-p484/lib/ruby/gems/1.9.1/specifications/haml-4.0.0.gemspec
I, [2014-09-19T15:55:52.779704 #98621]  INFO -- : 0:  hike (1.2.3) from /Users/andyrichardson/.rvm/rubies/ruby-1.9.3-p484/lib/ruby/gems/1.9.1/specifications/hike-1.2.3.gemspec
I, [2014-09-19T15:55:55.725020 #98621]  INFO -- : 0:  json (1.8.0) from /Users/andyrichardson/.rvm/rubies/ruby-1.9.3-p484/lib/ruby/gems/1.9.1/specifications/json-1.8.0.gemspec
I, [2014-09-19T15:55:55.725565 #98621]  INFO -- : 0:  rack (1.5.2) from /Users/andyrichardson/.rvm/rubies/ruby-1.9.3-p484/lib/ruby/gems/1.9.1/specifications/rack-1.5.2.gemspec
I, [2014-09-19T15:55:55.725888 #98621]  INFO -- : 0:  rack-protection (1.5.0) from /Users/andyrichardson/.rvm/rubies/ruby-1.9.3-p484/lib/ruby/gems/1.9.1/specifications/rack-protection-1.5.0.gemspec
I, [2014-09-19T15:55:55.726197 #98621]  INFO -- : 0:  rack-test (0.6.2) from /Users/andyrichardson/.rvm/rubies/ruby-1.9.3-p484/lib/ruby/gems/1.9.1/specifications/rack-test-0.6.2.gemspec
I, [2014-09-19T15:55:56.735241 #98621]  INFO -- : 0:  sinatra (1.3.4) from /Users/andyrichardson/.rvm/rubies/ruby-1.9.3-p484/lib/ruby/gems/1.9.1/specifications/sinatra-1.3.4.gemspec
I, [2014-09-19T15:55:57.481465 #98621]  INFO -- : 0:  sinatra-contrib (1.3.2) from /Users/andyrichardson/.rvm/rubies/ruby-1.9.3-p484/lib/ruby/gems/1.9.1/specifications/sinatra-contrib-1.3.2.gemspec
I, [2014-09-19T15:55:58.609570 #98621]  INFO -- : 0:  sprockets (2.9.0) from /Users/andyrichardson/.rvm/rubies/ruby-1.9.3-p484/lib/ruby/gems/1.9.1/specifications/sprockets-2.9.0.gemspec
I, [2014-09-19T15:55:59.233477 #98621]  INFO -- : 0:  sprockets-helpers (0.8.0) from /Users/andyrichardson/.rvm/rubies/ruby-1.9.3-p484/lib/ruby/gems/1.9.1/specifications/sprockets-helpers-0.8.0.gemspec
I, [2014-09-19T15:55:59.234149 #98621]  INFO -- : 0:  sprockets-sass (0.9.1) from /Users/andyrichardson/.rvm/rubies/ruby-1.9.3-p484/lib/ruby/gems/1.9.1/specifications/sprockets-sass-0.9.1.gemspec
I, [2014-09-19T15:55:59.919153 #98621]  INFO -- : 0:  susy (1.0.5) from /Users/andyrichardson/.rvm/rubies/ruby-1.9.3-p484/lib/ruby/gems/1.9.1/specifications/susy-1.0.5.gemspec
I, [2014-09-19T15:55:59.919737 #98621]  INFO -- : 0:  uglifier (1.3.0) from /Users/andyrichardson/.rvm/rubies/ruby-1.9.3-p484/lib/ruby/gems/1.9.1/specifications/uglifier-1.3.0.gemspec
I, [2014-09-19T15:55:59.920068 #98621]  INFO -- : 0:  bundler (1.5.1) from /Users/andyrichardson/.rvm/rubies/ruby-1.9.3-p484/lib/ruby/gems/1.9.1/specifications/bundler-1.5.1.gemspec
I, [2014-09-19T15:59:57.294013 #98814]  INFO -- : 0:  rake (10.0.3) from /Users/andyrichardson/.rvm/rubies/ruby-1.9.3-p484/lib/ruby/gems/1.9.1/specifications/rake-10.0.3.gemspec
I, [2014-09-19T15:59:57.294614 #98814]  INFO -- : 0:  backports (3.6.0) from /Users/andyrichardson/.rvm/rubies/ruby-1.9.3-p484/lib/ruby/gems/1.9.1/specifications/backports-3.6.0.gemspec
I, [2014-09-19T15:59:57.294949 #98814]  INFO -- : 0:  chunky_png (1.2.8) from /Users/andyrichardson/.rvm/rubies/ruby-1.9.3-p484/lib/ruby/gems/1.9.1/specifications/chunky_png-1.2.8.gemspec
I, [2014-09-19T15:59:57.295244 #98814]  INFO -- : 0:  fssm (0.2.10) from /Users/andyrichardson/.rvm/rubies/ruby-1.9.3-p484/lib/ruby/gems/1.9.1/specifications/fssm-0.2.10.gemspec
I, [2014-09-19T15:59:57.295564 #98814]  INFO -- : 0:  sass (3.2.9) from /Users/andyrichardson/.rvm/rubies/ruby-1.9.3-p484/lib/ruby/gems/1.9.1/specifications/sass-3.2.9.gemspec
I, [2014-09-19T15:59:57.295859 #98814]  INFO -- : 0:  compass (0.12.2) from /Users/andyrichardson/.rvm/rubies/ruby-1.9.3-p484/lib/ruby/gems/1.9.1/specifications/compass-0.12.2.gemspec
I, [2014-09-19T15:59:57.296148 #98814]  INFO -- : 0:  compass-normalize (1.4.2) from /Users/andyrichardson/.rvm/rubies/ruby-1.9.3-p484/lib/ruby/gems/1.9.1/specifications/compass-normalize-1.4.2.gemspec
I, [2014-09-19T15:59:57.296436 #98814]  INFO -- : 0:  eventmachine (1.0.3) from /Users/andyrichardson/.rvm/rubies/ruby-1.9.3-p484/lib/ruby/gems/1.9.1/specifications/eventmachine-1.0.3.gemspec
I, [2014-09-19T15:59:57.296741 #98814]  INFO -- : 0:  multi_json (1.7.7) from /Users/andyrichardson/.rvm/rubies/ruby-1.9.3-p484/lib/ruby/gems/1.9.1/specifications/multi_json-1.7.7.gemspec
I, [2014-09-19T15:59:57.297037 #98814]  INFO -- : 0:  execjs (1.4.0) from /Users/andyrichardson/.rvm/rubies/ruby-1.9.3-p484/lib/ruby/gems/1.9.1/specifications/execjs-1.4.0.gemspec
I, [2014-09-19T15:59:57.297330 #98814]  INFO -- : 0:  tilt (1.4.1) from /Users/andyrichardson/.rvm/rubies/ruby-1.9.3-p484/lib/ruby/gems/1.9.1/specifications/tilt-1.4.1.gemspec
I, [2014-09-19T15:59:57.297630 #98814]  INFO -- : 0:  haml (4.0.0) from /Users/andyrichardson/.rvm/rubies/ruby-1.9.3-p484/lib/ruby/gems/1.9.1/specifications/haml-4.0.0.gemspec
I, [2014-09-19T15:59:57.297918 #98814]  INFO -- : 0:  hike (1.2.3) from /Users/andyrichardson/.rvm/rubies/ruby-1.9.3-p484/lib/ruby/gems/1.9.1/specifications/hike-1.2.3.gemspec
I, [2014-09-19T15:59:57.298210 #98814]  INFO -- : 0:  json (1.8.0) from /Users/andyrichardson/.rvm/rubies/ruby-1.9.3-p484/lib/ruby/gems/1.9.1/specifications/json-1.8.0.gemspec
I, [2014-09-19T15:59:57.298499 #98814]  INFO -- : 0:  rack (1.5.2) from /Users/andyrichardson/.rvm/rubies/ruby-1.9.3-p484/lib/ruby/gems/1.9.1/specifications/rack-1.5.2.gemspec
I, [2014-09-19T15:59:57.298793 #98814]  INFO -- : 0:  rack-protection (1.5.0) from /Users/andyrichardson/.rvm/rubies/ruby-1.9.3-p484/lib/ruby/gems/1.9.1/specifications/rack-protection-1.5.0.gemspec
I, [2014-09-19T15:59:57.299074 #98814]  INFO -- : 0:  rack-test (0.6.2) from /Users/andyrichardson/.rvm/rubies/ruby-1.9.3-p484/lib/ruby/gems/1.9.1/specifications/rack-test-0.6.2.gemspec
I, [2014-09-19T15:59:57.299366 #98814]  INFO -- : 0:  sinatra (1.3.4) from /Users/andyrichardson/.rvm/rubies/ruby-1.9.3-p484/lib/ruby/gems/1.9.1/specifications/sinatra-1.3.4.gemspec
I, [2014-09-19T15:59:57.299650 #98814]  INFO -- : 0:  sinatra-contrib (1.3.2) from /Users/andyrichardson/.rvm/rubies/ruby-1.9.3-p484/lib/ruby/gems/1.9.1/specifications/sinatra-contrib-1.3.2.gemspec
I, [2014-09-19T15:59:57.299950 #98814]  INFO -- : 0:  sprockets (2.9.0) from /Users/andyrichardson/.rvm/rubies/ruby-1.9.3-p484/lib/ruby/gems/1.9.1/specifications/sprockets-2.9.0.gemspec
I, [2014-09-19T15:59:57.300266 #98814]  INFO -- : 0:  sprockets-helpers (0.8.0) from /Users/andyrichardson/.rvm/rubies/ruby-1.9.3-p484/lib/ruby/gems/1.9.1/specifications/sprockets-helpers-0.8.0.gemspec
I, [2014-09-19T15:59:57.300564 #98814]  INFO -- : 0:  sprockets-sass (0.9.1) from /Users/andyrichardson/.rvm/rubies/ruby-1.9.3-p484/lib/ruby/gems/1.9.1/specifications/sprockets-sass-0.9.1.gemspec
I, [2014-09-19T15:59:57.300847 #98814]  INFO -- : 0:  susy (1.0.5) from /Users/andyrichardson/.rvm/rubies/ruby-1.9.3-p484/lib/ruby/gems/1.9.1/specifications/susy-1.0.5.gemspec
I, [2014-09-19T15:59:57.301146 #98814]  INFO -- : 0:  uglifier (1.3.0) from /Users/andyrichardson/.rvm/rubies/ruby-1.9.3-p484/lib/ruby/gems/1.9.1/specifications/uglifier-1.3.0.gemspec
I, [2014-09-19T15:59:57.301404 #98814]  INFO -- : 0:  bundler (1.5.1) from /Users/andyrichardson/.rvm/rubies/ruby-1.9.3-p484/lib/ruby/gems/1.9.1/specifications/bundler-1.5.1.gemspec
I, [2014-09-19T16:08:12.795703 #99744]  INFO -- : 0:  rake (10.0.3) from /Users/andyrichardson/.rvm/rubies/ruby-1.9.3-p484/lib/ruby/gems/1.9.1/specifications/rake-10.0.3.gemspec
I, [2014-09-19T16:08:12.796614 #99744]  INFO -- : 0:  backports (3.6.0) from /Users/andyrichardson/.rvm/rubies/ruby-1.9.3-p484/lib/ruby/gems/1.9.1/specifications/backports-3.6.0.gemspec
I, [2014-09-19T16:08:12.796979 #99744]  INFO -- : 0:  chunky_png (1.3.1) from /Users/andyrichardson/.rvm/rubies/ruby-1.9.3-p484/lib/ruby/gems/1.9.1/specifications/chunky_png-1.3.1.gemspec
I, [2014-09-19T16:08:12.797305 #99744]  INFO -- : 0:  fssm (0.2.10) from /Users/andyrichardson/.rvm/rubies/ruby-1.9.3-p484/lib/ruby/gems/1.9.1/specifications/fssm-0.2.10.gemspec
I, [2014-09-19T16:08:14.768135 #99744]  INFO -- : 0:  sass (3.4.4) from /Users/andyrichardson/.rvm/rubies/ruby-1.9.3-p484/lib/ruby/gems/1.9.1/specifications/sass-3.4.4.gemspec
I, [2014-09-19T16:08:14.768681 #99744]  INFO -- : 0:  compass (0.12.2) from /Users/andyrichardson/.rvm/rubies/ruby-1.9.3-p484/lib/ruby/gems/1.9.1/specifications/compass-0.12.2.gemspec
I, [2014-09-19T16:08:14.769037 #99744]  INFO -- : 0:  compass-normalize (1.4.2) from /Users/andyrichardson/.rvm/rubies/ruby-1.9.3-p484/lib/ruby/gems/1.9.1/specifications/compass-normalize-1.4.2.gemspec
I, [2014-09-19T16:08:14.769393 #99744]  INFO -- : 0:  execjs (2.2.1) from /Users/andyrichardson/.rvm/rubies/ruby-1.9.3-p484/lib/ruby/gems/1.9.1/specifications/execjs-2.2.1.gemspec
I, [2014-09-19T16:08:14.769743 #99744]  INFO -- : 0:  tilt (1.4.1) from /Users/andyrichardson/.rvm/rubies/ruby-1.9.3-p484/lib/ruby/gems/1.9.1/specifications/tilt-1.4.1.gemspec
I, [2014-09-19T16:08:14.770093 #99744]  INFO -- : 0:  haml (4.0.0) from /Users/andyrichardson/.rvm/rubies/ruby-1.9.3-p484/lib/ruby/gems/1.9.1/specifications/haml-4.0.0.gemspec
I, [2014-09-19T16:08:14.770441 #99744]  INFO -- : 0:  hike (1.2.3) from /Users/andyrichardson/.rvm/rubies/ruby-1.9.3-p484/lib/ruby/gems/1.9.1/specifications/hike-1.2.3.gemspec
I, [2014-09-19T16:08:14.770822 #99744]  INFO -- : 0:  json (1.8.0) from /Users/andyrichardson/.rvm/rubies/ruby-1.9.3-p484/lib/ruby/gems/1.9.1/specifications/json-1.8.0.gemspec
I, [2014-09-19T16:08:14.771192 #99744]  INFO -- : 0:  multi_json (1.10.1) from /Users/andyrichardson/.rvm/rubies/ruby-1.9.3-p484/lib/ruby/gems/1.9.1/specifications/multi_json-1.10.1.gemspec
I, [2014-09-19T16:08:14.771541 #99744]  INFO -- : 0:  rack (1.5.2) from /Users/andyrichardson/.rvm/rubies/ruby-1.9.3-p484/lib/ruby/gems/1.9.1/specifications/rack-1.5.2.gemspec
I, [2014-09-19T16:08:14.771889 #99744]  INFO -- : 0:  rack-protection (1.5.3) from /Users/andyrichardson/.rvm/rubies/ruby-1.9.3-p484/lib/ruby/gems/1.9.1/specifications/rack-protection-1.5.3.gemspec
I, [2014-09-19T16:08:14.772228 #99744]  INFO -- : 0:  rack-test (0.6.2) from /Users/andyrichardson/.rvm/rubies/ruby-1.9.3-p484/lib/ruby/gems/1.9.1/specifications/rack-test-0.6.2.gemspec
I, [2014-09-19T16:08:14.772604 #99744]  INFO -- : 0:  sinatra (1.4.5) from /Users/andyrichardson/.rvm/rubies/ruby-1.9.3-p484/lib/ruby/gems/1.9.1/specifications/sinatra-1.4.5.gemspec
I, [2014-09-19T16:08:15.515266 #99744]  INFO -- : 0:  sinatra-contrib (1.4.2) from /Users/andyrichardson/.rvm/rubies/ruby-1.9.3-p484/lib/ruby/gems/1.9.1/specifications/sinatra-contrib-1.4.2.gemspec
I, [2014-09-19T16:08:15.515747 #99744]  INFO -- : 0:  sprockets (2.9.0) from /Users/andyrichardson/.rvm/rubies/ruby-1.9.3-p484/lib/ruby/gems/1.9.1/specifications/sprockets-2.9.0.gemspec
I, [2014-09-19T16:08:15.516051 #99744]  INFO -- : 0:  sprockets-helpers (0.8.0) from /Users/andyrichardson/.rvm/rubies/ruby-1.9.3-p484/lib/ruby/gems/1.9.1/specifications/sprockets-helpers-0.8.0.gemspec
I, [2014-09-19T16:08:15.516348 #99744]  INFO -- : 0:  sprockets-sass (0.9.1) from /Users/andyrichardson/.rvm/rubies/ruby-1.9.3-p484/lib/ruby/gems/1.9.1/specifications/sprockets-sass-0.9.1.gemspec
I, [2014-09-19T16:08:15.516633 #99744]  INFO -- : 0:  susy (1.0.5) from /Users/andyrichardson/.rvm/rubies/ruby-1.9.3-p484/lib/ruby/gems/1.9.1/specifications/susy-1.0.5.gemspec
I, [2014-09-19T16:08:15.516929 #99744]  INFO -- : 0:  uglifier (1.3.0) from /Users/andyrichardson/.rvm/rubies/ruby-1.9.3-p484/lib/ruby/gems/1.9.1/specifications/uglifier-1.3.0.gemspec
I, [2014-09-19T16:08:15.517217 #99744]  INFO -- : 0:  bundler (1.5.1) from /Users/andyrichardson/.rvm/rubies/ruby-1.9.3-p484/lib/ruby/gems/1.9.1/specifications/bundler-1.5.1.gemspec
I, [2014-09-19T16:09:54.038409 #99919]  INFO -- : 0:  rake (10.0.3) from /Users/andyrichardson/.rvm/rubies/ruby-1.9.3-p484/lib/ruby/gems/1.9.1/specifications/rake-10.0.3.gemspec
I, [2014-09-19T16:09:54.038835 #99919]  INFO -- : 0:  backports (3.6.0) from /Users/andyrichardson/.rvm/rubies/ruby-1.9.3-p484/lib/ruby/gems/1.9.1/specifications/backports-3.6.0.gemspec
I, [2014-09-19T16:09:54.039189 #99919]  INFO -- : 0:  chunky_png (1.3.1) from /Users/andyrichardson/.rvm/rubies/ruby-1.9.3-p484/lib/ruby/gems/1.9.1/specifications/chunky_png-1.3.1.gemspec
I, [2014-09-19T16:09:54.039483 #99919]  INFO -- : 0:  fssm (0.2.10) from /Users/andyrichardson/.rvm/rubies/ruby-1.9.3-p484/lib/ruby/gems/1.9.1/specifications/fssm-0.2.10.gemspec
I, [2014-09-19T16:09:54.039803 #99919]  INFO -- : 0:  sass (3.4.4) from /Users/andyrichardson/.rvm/rubies/ruby-1.9.3-p484/lib/ruby/gems/1.9.1/specifications/sass-3.4.4.gemspec
I, [2014-09-19T16:09:54.040102 #99919]  INFO -- : 0:  compass (0.12.2) from /Users/andyrichardson/.rvm/rubies/ruby-1.9.3-p484/lib/ruby/gems/1.9.1/specifications/compass-0.12.2.gemspec
I, [2014-09-19T16:09:54.040411 #99919]  INFO -- : 0:  compass-normalize (1.4.2) from /Users/andyrichardson/.rvm/rubies/ruby-1.9.3-p484/lib/ruby/gems/1.9.1/specifications/compass-normalize-1.4.2.gemspec
I, [2014-09-19T16:09:54.040706 #99919]  INFO -- : 0:  execjs (2.2.1) from /Users/andyrichardson/.rvm/rubies/ruby-1.9.3-p484/lib/ruby/gems/1.9.1/specifications/execjs-2.2.1.gemspec
I, [2014-09-19T16:09:54.041001 #99919]  INFO -- : 0:  tilt (1.4.1) from /Users/andyrichardson/.rvm/rubies/ruby-1.9.3-p484/lib/ruby/gems/1.9.1/specifications/tilt-1.4.1.gemspec
I, [2014-09-19T16:09:54.073859 #99919]  INFO -- : 0:  haml (4.0.0) from /Users/andyrichardson/.rvm/rubies/ruby-1.9.3-p484/lib/ruby/gems/1.9.1/specifications/haml-4.0.0.gemspec
I, [2014-09-19T16:09:54.074280 #99919]  INFO -- : 0:  hike (1.2.3) from /Users/andyrichardson/.rvm/rubies/ruby-1.9.3-p484/lib/ruby/gems/1.9.1/specifications/hike-1.2.3.gemspec
I, [2014-09-19T16:09:54.074612 #99919]  INFO -- : 0:  json (1.8.0) from /Users/andyrichardson/.rvm/rubies/ruby-1.9.3-p484/lib/ruby/gems/1.9.1/specifications/json-1.8.0.gemspec
I, [2014-09-19T16:09:54.074945 #99919]  INFO -- : 0:  multi_json (1.10.1) from /Users/andyrichardson/.rvm/rubies/ruby-1.9.3-p484/lib/ruby/gems/1.9.1/specifications/multi_json-1.10.1.gemspec
I, [2014-09-19T16:09:54.075269 #99919]  INFO -- : 0:  rack (1.5.2) from /Users/andyrichardson/.rvm/rubies/ruby-1.9.3-p484/lib/ruby/gems/1.9.1/specifications/rack-1.5.2.gemspec
I, [2014-09-19T16:09:54.075580 #99919]  INFO -- : 0:  rack-protection (1.5.3) from /Users/andyrichardson/.rvm/rubies/ruby-1.9.3-p484/lib/ruby/gems/1.9.1/specifications/rack-protection-1.5.3.gemspec
I, [2014-09-19T16:09:54.075910 #99919]  INFO -- : 0:  rack-test (0.6.2) from /Users/andyrichardson/.rvm/rubies/ruby-1.9.3-p484/lib/ruby/gems/1.9.1/specifications/rack-test-0.6.2.gemspec
I, [2014-09-19T16:09:54.076216 #99919]  INFO -- : 0:  sinatra (1.4.5) from /Users/andyrichardson/.rvm/rubies/ruby-1.9.3-p484/lib/ruby/gems/1.9.1/specifications/sinatra-1.4.5.gemspec
I, [2014-09-19T16:09:54.076511 #99919]  INFO -- : 0:  sinatra-contrib (1.4.2) from /Users/andyrichardson/.rvm/rubies/ruby-1.9.3-p484/lib/ruby/gems/1.9.1/specifications/sinatra-contrib-1.4.2.gemspec
I, [2014-09-19T16:09:55.223755 #99919]  INFO -- : 0:  sinatra-index (0.0.2) from /Users/andyrichardson/.rvm/rubies/ruby-1.9.3-p484/lib/ruby/gems/1.9.1/specifications/sinatra-index-0.0.2.gemspec
I, [2014-09-19T16:09:55.224281 #99919]  INFO -- : 0:  sprockets (2.9.0) from /Users/andyrichardson/.rvm/rubies/ruby-1.9.3-p484/lib/ruby/gems/1.9.1/specifications/sprockets-2.9.0.gemspec
I, [2014-09-19T16:09:55.224639 #99919]  INFO -- : 0:  sprockets-helpers (0.8.0) from /Users/andyrichardson/.rvm/rubies/ruby-1.9.3-p484/lib/ruby/gems/1.9.1/specifications/sprockets-helpers-0.8.0.gemspec
I, [2014-09-19T16:09:55.224987 #99919]  INFO -- : 0:  sprockets-sass (0.9.1) from /Users/andyrichardson/.rvm/rubies/ruby-1.9.3-p484/lib/ruby/gems/1.9.1/specifications/sprockets-sass-0.9.1.gemspec
I, [2014-09-19T16:09:55.225326 #99919]  INFO -- : 0:  susy (1.0.5) from /Users/andyrichardson/.rvm/rubies/ruby-1.9.3-p484/lib/ruby/gems/1.9.1/specifications/susy-1.0.5.gemspec
I, [2014-09-19T16:09:55.225690 #99919]  INFO -- : 0:  uglifier (1.3.0) from /Users/andyrichardson/.rvm/rubies/ruby-1.9.3-p484/lib/ruby/gems/1.9.1/specifications/uglifier-1.3.0.gemspec
I, [2014-09-19T16:09:55.226008 #99919]  INFO -- : 0:  bundler (1.5.1) from /Users/andyrichardson/.rvm/rubies/ruby-1.9.3-p484/lib/ruby/gems/1.9.1/specifications/bundler-1.5.1.gemspec
I, [2014-09-19T16:24:35.563006 #1286]  INFO -- : 0:  rake (10.0.3) from /Users/andyrichardson/.rvm/rubies/ruby-1.9.3-p484/lib/ruby/gems/1.9.1/specifications/rake-10.0.3.gemspec
I, [2014-09-19T16:24:35.564004 #1286]  INFO -- : 0:  backports (3.6.0) from /Users/andyrichardson/.rvm/rubies/ruby-1.9.3-p484/lib/ruby/gems/1.9.1/specifications/backports-3.6.0.gemspec
I, [2014-09-19T16:24:35.564622 #1286]  INFO -- : 0:  coffee-script-source (1.8.0) from /Users/andyrichardson/.rvm/rubies/ruby-1.9.3-p484/lib/ruby/gems/1.9.1/specifications/coffee-script-source-1.8.0.gemspec
I, [2014-09-19T16:24:35.565057 #1286]  INFO -- : 0:  execjs (2.2.1) from /Users/andyrichardson/.rvm/rubies/ruby-1.9.3-p484/lib/ruby/gems/1.9.1/specifications/execjs-2.2.1.gemspec
I, [2014-09-19T16:24:35.565427 #1286]  INFO -- : 0:  coffee-script (2.3.0) from /Users/andyrichardson/.rvm/rubies/ruby-1.9.3-p484/lib/ruby/gems/1.9.1/specifications/coffee-script-2.3.0.gemspec
I, [2014-09-19T16:24:35.565794 #1286]  INFO -- : 0:  tilt (1.4.1) from /Users/andyrichardson/.rvm/rubies/ruby-1.9.3-p484/lib/ruby/gems/1.9.1/specifications/tilt-1.4.1.gemspec
I, [2014-09-19T16:24:35.566170 #1286]  INFO -- : 0:  haml (4.0.0) from /Users/andyrichardson/.rvm/rubies/ruby-1.9.3-p484/lib/ruby/gems/1.9.1/specifications/haml-4.0.0.gemspec
I, [2014-09-19T16:24:35.566543 #1286]  INFO -- : 0:  hike (1.2.3) from /Users/andyrichardson/.rvm/rubies/ruby-1.9.3-p484/lib/ruby/gems/1.9.1/specifications/hike-1.2.3.gemspec
I, [2014-09-19T16:24:35.596889 #1286]  INFO -- : 0:  json (1.8.0) from /Users/andyrichardson/.rvm/rubies/ruby-1.9.3-p484/lib/ruby/gems/1.9.1/specifications/json-1.8.0.gemspec
I, [2014-09-19T16:24:35.597309 #1286]  INFO -- : 0:  multi_json (1.10.1) from /Users/andyrichardson/.rvm/rubies/ruby-1.9.3-p484/lib/ruby/gems/1.9.1/specifications/multi_json-1.10.1.gemspec
I, [2014-09-19T16:24:35.597651 #1286]  INFO -- : 0:  rack (1.5.2) from /Users/andyrichardson/.rvm/rubies/ruby-1.9.3-p484/lib/ruby/gems/1.9.1/specifications/rack-1.5.2.gemspec
I, [2014-09-19T16:24:35.597996 #1286]  INFO -- : 0:  rack-protection (1.5.3) from /Users/andyrichardson/.rvm/rubies/ruby-1.9.3-p484/lib/ruby/gems/1.9.1/specifications/rack-protection-1.5.3.gemspec
I, [2014-09-19T16:24:35.598326 #1286]  INFO -- : 0:  rack-test (0.6.2) from /Users/andyrichardson/.rvm/rubies/ruby-1.9.3-p484/lib/ruby/gems/1.9.1/specifications/rack-test-0.6.2.gemspec
I, [2014-09-19T16:24:35.598651 #1286]  INFO -- : 0:  sass (3.4.4) from /Users/andyrichardson/.rvm/rubies/ruby-1.9.3-p484/lib/ruby/gems/1.9.1/specifications/sass-3.4.4.gemspec
I, [2014-09-19T16:24:35.598953 #1286]  INFO -- : 0:  sinatra (1.4.5) from /Users/andyrichardson/.rvm/rubies/ruby-1.9.3-p484/lib/ruby/gems/1.9.1/specifications/sinatra-1.4.5.gemspec
I, [2014-09-19T16:24:35.599293 #1286]  INFO -- : 0:  sprockets (2.12.2) from /Users/andyrichardson/.rvm/rubies/ruby-1.9.3-p484/lib/ruby/gems/1.9.1/specifications/sprockets-2.12.2.gemspec
I, [2014-09-19T16:24:35.599607 #1286]  INFO -- : 0:  sprockets-helpers (1.1.0) from /Users/andyrichardson/.rvm/rubies/ruby-1.9.3-p484/lib/ruby/gems/1.9.1/specifications/sprockets-helpers-1.1.0.gemspec
I, [2014-09-19T16:24:35.599918 #1286]  INFO -- : 0:  sprockets-sass (1.2.0) from /Users/andyrichardson/.rvm/rubies/ruby-1.9.3-p484/lib/ruby/gems/1.9.1/specifications/sprockets-sass-1.2.0.gemspec
I, [2014-09-19T16:24:36.377025 #1286]  INFO -- : 0:  sinatra-asset-pipeline (0.4.0) from /Users/andyrichardson/.rvm/rubies/ruby-1.9.3-p484/lib/ruby/gems/1.9.1/specifications/sinatra-asset-pipeline-0.4.0.gemspec
I, [2014-09-19T16:24:36.377558 #1286]  INFO -- : 0:  sinatra-contrib (1.4.2) from /Users/andyrichardson/.rvm/rubies/ruby-1.9.3-p484/lib/ruby/gems/1.9.1/specifications/sinatra-contrib-1.4.2.gemspec
I, [2014-09-19T16:24:36.377921 #1286]  INFO -- : 0:  sinatra-index (0.0.2) from /Users/andyrichardson/.rvm/rubies/ruby-1.9.3-p484/lib/ruby/gems/1.9.1/specifications/sinatra-index-0.0.2.gemspec
I, [2014-09-19T16:24:36.378286 #1286]  INFO -- : 0:  uglifier (1.3.0) from /Users/andyrichardson/.rvm/rubies/ruby-1.9.3-p484/lib/ruby/gems/1.9.1/specifications/uglifier-1.3.0.gemspec
I, [2014-09-19T16:24:36.378615 #1286]  INFO -- : 0:  bundler (1.5.1) from /Users/andyrichardson/.rvm/rubies/ruby-1.9.3-p484/lib/ruby/gems/1.9.1/specifications/bundler-1.5.1.gemspec
I, [2014-09-19T16:54:30.284302 #2864]  INFO -- : 0:  rake (10.0.3) from /Users/andyrichardson/Sites/cocoa-rack/server/vendor/bundle/ruby/1.9.1/specifications/rake-10.0.3.gemspec
I, [2014-09-19T16:54:31.872877 #2864]  INFO -- : 0:  backports (3.6.0) from /Users/andyrichardson/Sites/cocoa-rack/server/vendor/bundle/ruby/1.9.1/specifications/backports-3.6.0.gemspec
I, [2014-09-19T16:54:32.860883 #2864]  INFO -- : 0:  coffee-script-source (1.8.0) from /Users/andyrichardson/Sites/cocoa-rack/server/vendor/bundle/ruby/1.9.1/specifications/coffee-script-source-1.8.0.gemspec
I, [2014-09-19T16:54:33.827742 #2864]  INFO -- : 0:  execjs (2.2.1) from /Users/andyrichardson/Sites/cocoa-rack/server/vendor/bundle/ruby/1.9.1/specifications/execjs-2.2.1.gemspec
I, [2014-09-19T16:54:34.553195 #2864]  INFO -- : 0:  coffee-script (2.3.0) from /Users/andyrichardson/Sites/cocoa-rack/server/vendor/bundle/ruby/1.9.1/specifications/coffee-script-2.3.0.gemspec
I, [2014-09-19T16:54:35.675373 #2864]  INFO -- : 0:  tilt (1.4.1) from /Users/andyrichardson/Sites/cocoa-rack/server/vendor/bundle/ruby/1.9.1/specifications/tilt-1.4.1.gemspec
I, [2014-09-19T16:54:36.940056 #2864]  INFO -- : 0:  haml (4.0.0) from /Users/andyrichardson/Sites/cocoa-rack/server/vendor/bundle/ruby/1.9.1/specifications/haml-4.0.0.gemspec
I, [2014-09-19T16:54:37.959182 #2864]  INFO -- : 0:  hike (1.2.3) from /Users/andyrichardson/Sites/cocoa-rack/server/vendor/bundle/ruby/1.9.1/specifications/hike-1.2.3.gemspec
I, [2014-09-19T16:54:41.107875 #2864]  INFO -- : 0:  json (1.8.0) from /Users/andyrichardson/Sites/cocoa-rack/server/vendor/bundle/ruby/1.9.1/specifications/json-1.8.0.gemspec
I, [2014-09-19T16:54:42.103988 #2864]  INFO -- : 0:  multi_json (1.10.1) from /Users/andyrichardson/Sites/cocoa-rack/server/vendor/bundle/ruby/1.9.1/specifications/multi_json-1.10.1.gemspec
I, [2014-09-19T16:54:43.959566 #2864]  INFO -- : 0:  rack (1.5.2) from /Users/andyrichardson/Sites/cocoa-rack/server/vendor/bundle/ruby/1.9.1/specifications/rack-1.5.2.gemspec
I, [2014-09-19T16:54:44.959834 #2864]  INFO -- : 0:  rack-protection (1.5.3) from /Users/andyrichardson/Sites/cocoa-rack/server/vendor/bundle/ruby/1.9.1/specifications/rack-protection-1.5.3.gemspec
I, [2014-09-19T16:54:45.710948 #2864]  INFO -- : 0:  rack-test (0.6.2) from /Users/andyrichardson/Sites/cocoa-rack/server/vendor/bundle/ruby/1.9.1/specifications/rack-test-0.6.2.gemspec
I, [2014-09-19T16:54:47.826972 #2864]  INFO -- : 0:  sass (3.4.4) from /Users/andyrichardson/Sites/cocoa-rack/server/vendor/bundle/ruby/1.9.1/specifications/sass-3.4.4.gemspec
I, [2014-09-19T16:54:49.342854 #2864]  INFO -- : 0:  sinatra (1.4.5) from /Users/andyrichardson/Sites/cocoa-rack/server/vendor/bundle/ruby/1.9.1/specifications/sinatra-1.4.5.gemspec
I, [2014-09-19T16:54:50.423626 #2864]  INFO -- : 0:  sprockets (2.12.2) from /Users/andyrichardson/Sites/cocoa-rack/server/vendor/bundle/ruby/1.9.1/specifications/sprockets-2.12.2.gemspec
I, [2014-09-19T16:54:51.329083 #2864]  INFO -- : 0:  sprockets-helpers (1.1.0) from /Users/andyrichardson/Sites/cocoa-rack/server/vendor/bundle/ruby/1.9.1/specifications/sprockets-helpers-1.1.0.gemspec
I, [2014-09-19T16:54:52.265927 #2864]  INFO -- : 0:  sprockets-sass (1.2.0) from /Users/andyrichardson/Sites/cocoa-rack/server/vendor/bundle/ruby/1.9.1/specifications/sprockets-sass-1.2.0.gemspec
I, [2014-09-19T16:54:52.994828 #2864]  INFO -- : 0:  sinatra-asset-pipeline (0.4.0) from /Users/andyrichardson/Sites/cocoa-rack/server/vendor/bundle/ruby/1.9.1/specifications/sinatra-asset-pipeline-0.4.0.gemspec
I, [2014-09-19T16:54:53.764924 #2864]  INFO -- : 0:  sinatra-contrib (1.4.2) from /Users/andyrichardson/Sites/cocoa-rack/server/vendor/bundle/ruby/1.9.1/specifications/sinatra-contrib-1.4.2.gemspec
I, [2014-09-19T16:54:54.348709 #2864]  INFO -- : 0:  sinatra-index (0.0.2) from /Users/andyrichardson/Sites/cocoa-rack/server/vendor/bundle/ruby/1.9.1/specifications/sinatra-index-0.0.2.gemspec
I, [2014-09-19T16:54:55.022022 #2864]  INFO -- : 0:  uglifier (1.3.0) from /Users/andyrichardson/Sites/cocoa-rack/server/vendor/bundle/ruby/1.9.1/specifications/uglifier-1.3.0.gemspec
I, [2014-09-19T16:54:55.022546 #2864]  INFO -- : 0:  bundler (1.5.1) from /Users/andyrichardson/.rvm/rubies/ruby-1.9.3-p484/lib/ruby/gems/1.9.1/gems/bundler-1.5.1/lib/bundler/source
I, [2014-09-19T16:59:50.234694 #3490]  INFO -- : 0:  rake (10.0.3) from /Users/andyrichardson/Sites/cocoa-rack/server/vendor/ruby/1.9.1/specifications/rake-10.0.3.gemspec
I, [2014-09-19T16:59:51.827962 #3490]  INFO -- : 0:  backports (3.6.0) from /Users/andyrichardson/Sites/cocoa-rack/server/vendor/ruby/1.9.1/specifications/backports-3.6.0.gemspec
I, [2014-09-19T16:59:52.907081 #3490]  INFO -- : 0:  coffee-script-source (1.8.0) from /Users/andyrichardson/Sites/cocoa-rack/server/vendor/ruby/1.9.1/specifications/coffee-script-source-1.8.0.gemspec
I, [2014-09-19T16:59:53.783334 #3490]  INFO -- : 0:  execjs (2.2.1) from /Users/andyrichardson/Sites/cocoa-rack/server/vendor/ruby/1.9.1/specifications/execjs-2.2.1.gemspec
I, [2014-09-19T16:59:54.504645 #3490]  INFO -- : 0:  coffee-script (2.3.0) from /Users/andyrichardson/Sites/cocoa-rack/server/vendor/ruby/1.9.1/specifications/coffee-script-2.3.0.gemspec
I, [2014-09-19T16:59:55.620029 #3490]  INFO -- : 0:  tilt (1.4.1) from /Users/andyrichardson/Sites/cocoa-rack/server/vendor/ruby/1.9.1/specifications/tilt-1.4.1.gemspec
I, [2014-09-19T16:59:56.946659 #3490]  INFO -- : 0:  haml (4.0.0) from /Users/andyrichardson/Sites/cocoa-rack/server/vendor/ruby/1.9.1/specifications/haml-4.0.0.gemspec
I, [2014-09-19T16:59:57.706281 #3490]  INFO -- : 0:  hike (1.2.3) from /Users/andyrichardson/Sites/cocoa-rack/server/vendor/ruby/1.9.1/specifications/hike-1.2.3.gemspec
I, [2014-09-19T17:00:00.348328 #3490]  INFO -- : 0:  json (1.8.0) from /Users/andyrichardson/Sites/cocoa-rack/server/vendor/ruby/1.9.1/specifications/json-1.8.0.gemspec
I, [2014-09-19T17:00:02.153018 #3490]  INFO -- : 0:  multi_json (1.10.1) from /Users/andyrichardson/Sites/cocoa-rack/server/vendor/ruby/1.9.1/specifications/multi_json-1.10.1.gemspec
I, [2014-09-19T17:00:03.898714 #3490]  INFO -- : 0:  rack (1.5.2) from /Users/andyrichardson/Sites/cocoa-rack/server/vendor/ruby/1.9.1/specifications/rack-1.5.2.gemspec
I, [2014-09-19T17:00:05.099724 #3490]  INFO -- : 0:  rack-protection (1.5.3) from /Users/andyrichardson/Sites/cocoa-rack/server/vendor/ruby/1.9.1/specifications/rack-protection-1.5.3.gemspec
I, [2014-09-19T17:00:05.891611 #3490]  INFO -- : 0:  rack-test (0.6.2) from /Users/andyrichardson/Sites/cocoa-rack/server/vendor/ruby/1.9.1/specifications/rack-test-0.6.2.gemspec
I, [2014-09-19T17:00:07.950344 #3490]  INFO -- : 0:  sass (3.4.4) from /Users/andyrichardson/Sites/cocoa-rack/server/vendor/ruby/1.9.1/specifications/sass-3.4.4.gemspec
I, [2014-09-19T17:00:09.816120 #3490]  INFO -- : 0:  sinatra (1.4.5) from /Users/andyrichardson/Sites/cocoa-rack/server/vendor/ruby/1.9.1/specifications/sinatra-1.4.5.gemspec
I, [2014-09-19T17:00:11.150306 #3490]  INFO -- : 0:  sprockets (2.12.2) from /Users/andyrichardson/Sites/cocoa-rack/server/vendor/ruby/1.9.1/specifications/sprockets-2.12.2.gemspec
I, [2014-09-19T17:00:12.680888 #3490]  INFO -- : 0:  sprockets-helpers (1.1.0) from /Users/andyrichardson/Sites/cocoa-rack/server/vendor/ruby/1.9.1/specifications/sprockets-helpers-1.1.0.gemspec
I, [2014-09-19T17:00:13.756352 #3490]  INFO -- : 0:  sprockets-sass (1.2.0) from /Users/andyrichardson/Sites/cocoa-rack/server/vendor/ruby/1.9.1/specifications/sprockets-sass-1.2.0.gemspec
I, [2014-09-19T17:00:14.765470 #3490]  INFO -- : 0:  sinatra-asset-pipeline (0.4.0) from /Users/andyrichardson/Sites/cocoa-rack/server/vendor/ruby/1.9.1/specifications/sinatra-asset-pipeline-0.4.0.gemspec
I, [2014-09-19T17:00:15.547604 #3490]  INFO -- : 0:  sinatra-contrib (1.4.2) from /Users/andyrichardson/Sites/cocoa-rack/server/vendor/ruby/1.9.1/specifications/sinatra-contrib-1.4.2.gemspec
I, [2014-09-19T17:00:16.214852 #3490]  INFO -- : 0:  sinatra-index (0.0.2) from /Users/andyrichardson/Sites/cocoa-rack/server/vendor/ruby/1.9.1/specifications/sinatra-index-0.0.2.gemspec
I, [2014-09-19T17:00:17.055452 #3490]  INFO -- : 0:  uglifier (1.3.0) from /Users/andyrichardson/Sites/cocoa-rack/server/vendor/ruby/1.9.1/specifications/uglifier-1.3.0.gemspec
I, [2014-09-19T17:00:17.055901 #3490]  INFO -- : 0:  bundler (1.5.1) from /Users/andyrichardson/.rvm/rubies/ruby-1.9.3-p484/lib/ruby/gems/1.9.1/gems/bundler-1.5.1/lib/bundler/source
I, [2014-09-19T17:02:38.990778 #3801]  INFO -- : 0:  rake (10.0.3) from /Users/andyrichardson/Sites/cocoa-rack/server/vendor/ruby/1.9.1/specifications/rake-10.0.3.gemspec
I, [2014-09-19T17:02:40.189271 #3801]  INFO -- : 0:  backports (3.6.0) from /Users/andyrichardson/Sites/cocoa-rack/server/vendor/ruby/1.9.1/specifications/backports-3.6.0.gemspec
I, [2014-09-19T17:02:41.443988 #3801]  INFO -- : 0:  coffee-script-source (1.8.0) from /Users/andyrichardson/Sites/cocoa-rack/server/vendor/ruby/1.9.1/specifications/coffee-script-source-1.8.0.gemspec
I, [2014-09-19T17:02:42.460578 #3801]  INFO -- : 0:  execjs (2.2.1) from /Users/andyrichardson/Sites/cocoa-rack/server/vendor/ruby/1.9.1/specifications/execjs-2.2.1.gemspec
I, [2014-09-19T17:02:43.403485 #3801]  INFO -- : 0:  coffee-script (2.3.0) from /Users/andyrichardson/Sites/cocoa-rack/server/vendor/ruby/1.9.1/specifications/coffee-script-2.3.0.gemspec
I, [2014-09-19T17:02:44.662115 #3801]  INFO -- : 0:  tilt (1.4.1) from /Users/andyrichardson/Sites/cocoa-rack/server/vendor/ruby/1.9.1/specifications/tilt-1.4.1.gemspec
I, [2014-09-19T17:02:46.067701 #3801]  INFO -- : 0:  haml (4.0.0) from /Users/andyrichardson/Sites/cocoa-rack/server/vendor/ruby/1.9.1/specifications/haml-4.0.0.gemspec
I, [2014-09-19T17:02:46.937003 #3801]  INFO -- : 0:  hike (1.2.3) from /Users/andyrichardson/Sites/cocoa-rack/server/vendor/ruby/1.9.1/specifications/hike-1.2.3.gemspec
I, [2014-09-19T17:02:49.993677 #3801]  INFO -- : 0:  json (1.8.0) from /Users/andyrichardson/Sites/cocoa-rack/server/vendor/ruby/1.9.1/specifications/json-1.8.0.gemspec
I, [2014-09-19T17:02:51.240329 #3801]  INFO -- : 0:  multi_json (1.10.1) from /Users/andyrichardson/Sites/cocoa-rack/server/vendor/ruby/1.9.1/specifications/multi_json-1.10.1.gemspec
I, [2014-09-19T17:02:52.913221 #3801]  INFO -- : 0:  rack (1.5.2) from /Users/andyrichardson/Sites/cocoa-rack/server/vendor/ruby/1.9.1/specifications/rack-1.5.2.gemspec
I, [2014-09-19T17:02:54.150262 #3801]  INFO -- : 0:  rack-protection (1.5.3) from /Users/andyrichardson/Sites/cocoa-rack/server/vendor/ruby/1.9.1/specifications/rack-protection-1.5.3.gemspec
I, [2014-09-19T17:02:54.948047 #3801]  INFO -- : 0:  rack-test (0.6.2) from /Users/andyrichardson/Sites/cocoa-rack/server/vendor/ruby/1.9.1/specifications/rack-test-0.6.2.gemspec
I, [2014-09-19T17:02:56.883583 #3801]  INFO -- : 0:  sass (3.4.4) from /Users/andyrichardson/Sites/cocoa-rack/server/vendor/ruby/1.9.1/specifications/sass-3.4.4.gemspec
I, [2014-09-19T17:02:58.584772 #3801]  INFO -- : 0:  sinatra (1.4.5) from /Users/andyrichardson/Sites/cocoa-rack/server/vendor/ruby/1.9.1/specifications/sinatra-1.4.5.gemspec
I, [2014-09-19T17:03:00.215282 #3801]  INFO -- : 0:  sprockets (2.12.2) from /Users/andyrichardson/Sites/cocoa-rack/server/vendor/ruby/1.9.1/specifications/sprockets-2.12.2.gemspec
I, [2014-09-19T17:03:01.312675 #3801]  INFO -- : 0:  sprockets-helpers (1.1.0) from /Users/andyrichardson/Sites/cocoa-rack/server/vendor/ruby/1.9.1/specifications/sprockets-helpers-1.1.0.gemspec
I, [2014-09-19T17:03:02.444289 #3801]  INFO -- : 0:  sprockets-sass (1.2.0) from /Users/andyrichardson/Sites/cocoa-rack/server/vendor/ruby/1.9.1/specifications/sprockets-sass-1.2.0.gemspec
I, [2014-09-19T17:03:03.410060 #3801]  INFO -- : 0:  sinatra-asset-pipeline (0.4.0) from /Users/andyrichardson/Sites/cocoa-rack/server/vendor/ruby/1.9.1/specifications/sinatra-asset-pipeline-0.4.0.gemspec
I, [2014-09-19T17:03:04.095018 #3801]  INFO -- : 0:  sinatra-contrib (1.4.2) from /Users/andyrichardson/Sites/cocoa-rack/server/vendor/ruby/1.9.1/specifications/sinatra-contrib-1.4.2.gemspec
I, [2014-09-19T17:03:04.843262 #3801]  INFO -- : 0:  sinatra-index (0.0.2) from /Users/andyrichardson/Sites/cocoa-rack/server/vendor/ruby/1.9.1/specifications/sinatra-index-0.0.2.gemspec
I, [2014-09-19T17:03:05.947969 #3801]  INFO -- : 0:  uglifier (1.3.0) from /Users/andyrichardson/Sites/cocoa-rack/server/vendor/ruby/1.9.1/specifications/uglifier-1.3.0.gemspec
I, [2014-09-19T17:03:05.948585 #3801]  INFO -- : 0:  bundler (1.5.1) from /Users/andyrichardson/.rvm/rubies/ruby-1.9.3-p484/lib/ruby/gems/1.9.1/gems/bundler-1.5.1/lib/bundler/source
